<?xml version="1.0" encoding="UTF-8"?>
<!-- Generated by org.testng.reporters.JUnitReportReporter -->
<testsuite hostname="MDerbala" failures="0" tests="1" name="Tests.Remittances_CashingOutRemittancetest" time="10.893" errors="0" timestamp="2024-10-16T16:48:15 EEST" skipped="0">
  <testcase classname="Tests.Remittances_CashingOutRemittancetest" name="userCanCashOutRemittancesSuccessfully" time="10.893"/>
</testsuite> <!-- Tests.Remittances_CashingOutRemittancetest -->
