<?xml version="1.0" encoding="UTF-8"?>
<!-- Generated by org.testng.reporters.JUnitReportReporter -->
<testsuite hostname="MDerbala" failures="0" tests="1" name="Tests.Remittances_ReportsDisplayTheCorrectDataTest" time="22.889" errors="0" timestamp="2025-01-05T14:12:10 EET" skipped="0">
  <testcase classname="Tests.Remittances_ReportsDisplayTheCorrectDataTest" name="dataIsDisplayedCorrectlyInTheReposrts" time="22.889"/>
</testsuite> <!-- Tests.Remittances_ReportsDisplayTheCorrectDataTest -->
