<?xml version="1.0" encoding="UTF-8"?>
<!-- Generated by org.testng.reporters.JUnitReportReporter -->
<testsuite hostname="MDerbala" failures="0" tests="1" name="Tests.Remittances_TheEndDayReportofCashedOutAndReffundedRemittancesDisplayTheCorrectDataTest2" time="16.887" errors="0" timestamp="2025-01-06T14:16:24 EET" skipped="0">
  <testcase classname="Tests.Remittances_TheEndDayReportofCashedOutAndReffundedRemittancesDisplayTheCorrectDataTest2" name="dataIsDisplayedCorrectlyInTheReports" time="16.887"/>
</testsuite> <!-- Tests.Remittances_TheEndDayReportofCashedOutAndReffundedRemittancesDisplayTheCorrectDataTest2 -->
