<?xml version="1.0" encoding="UTF-8"?>
<!-- Generated by org.testng.reporters.JUnitReportReporter -->
<testsuite hostname="MDerbala" failures="0" tests="1" name="Tests.Remittances_TheEndDayReportofExportedRemittancesDisplayTheCorrectDataTest" time="12.982" errors="0" timestamp="2025-01-21T17:24:37 EET" skipped="0">
  <testcase classname="Tests.Remittances_TheEndDayReportofExportedRemittancesDisplayTheCorrectDataTest" name="dataIsDisplayedCorrectlyInTheEndDayReportofExportedRemittances" time="12.982"/>
</testsuite> <!-- Tests.Remittances_TheEndDayReportofExportedRemittancesDisplayTheCorrectDataTest -->
