<?xml version="1.0" encoding="UTF-8"?>
<!-- Generated by org.testng.reporters.JUnitReportReporter -->
<testsuite hostname="MDerbala" failures="0" tests="1" name="Tests.Remittances_RefundingRemittancetest" time="17.706" errors="0" timestamp="2025-01-30T12:47:50 EET" skipped="0">
  <testcase classname="Tests.Remittances_RefundingRemittancetest" name="userCanCashOutRemittancesSuccessfully" time="17.706"/>
</testsuite> <!-- Tests.Remittances_RefundingRemittancetest -->
