<?xml version="1.0" encoding="UTF-8"?>
<!-- Generated by org.testng.reporters.JUnitReportReporter -->
<testsuite hostname="MDerbala" failures="0" tests="1" name="Tests.Remittances_CashingOutRemittancetest" time="9.880" errors="0" timestamp="2024-11-12T14:55:35 EET" skipped="0">
  <testcase classname="Tests.Remittances_CashingOutRemittancetest" name="userCanCashOutRemittancesSuccessfully" time="9.880"/>
</testsuite> <!-- Tests.Remittances_CashingOutRemittancetest -->
