<?xml version="1.0" encoding="UTF-8"?>
<!-- Generated by org.testng.reporters.JUnitReportReporter -->
<testsuite hostname="MDerbala" failures="0" tests="1" name="Tests.Remittances_RefundingRemittancetest" time="22.371" errors="0" timestamp="2024-11-12T15:00:53 EET" skipped="0">
  <testcase classname="Tests.Remittances_RefundingRemittancetest" name="userCanCashOutRemittancesSuccessfully" time="22.371"/>
</testsuite> <!-- Tests.Remittances_RefundingRemittancetest -->
