<?xml version="1.0" encoding="UTF-8"?>
<!-- Generated by org.testng.reporters.JUnitReportReporter -->
<testsuite hostname="MDerbala" failures="0" tests="1" name="Tests.Remittances_AddNewRemittancetest" time="44.608" errors="0" timestamp="2025-01-21T15:16:26 EET" skipped="0">
  <testcase classname="Tests.Remittances_AddNewRemittancetest" name="userCanAddNewRemittanceSuccessfully" time="44.608"/>
</testsuite> <!-- Tests.Remittances_AddNewRemittancetest -->
