<?xml version="1.0" encoding="UTF-8"?>
<!-- Generated by org.testng.reporters.JUnitReportReporter -->
<testsuite hostname="MDerbala" failures="0" tests="1" name="Tests.Remittances_AddNewRemittancetest" time="57.102" errors="0" timestamp="2025-01-30T12:23:51 EET" skipped="0">
  <testcase classname="Tests.Remittances_AddNewRemittancetest" name="userCanAddNewRemittanceSuccessfully" time="57.102"/>
</testsuite> <!-- Tests.Remittances_AddNewRemittancetest -->
